# JRE version: Java(TM) SE Runtime Environment (8.0_51-b16) (build 1.8.0_51-b16)
# Java VM: Java HotSpot(TM) 64-Bit Server VM (25.51-b03 mixed mode bsd-amd64 compressed oops)
Heap:
 PSYoungGen      total 278528K, used 44585K [0x0000000795580000, 0x00000007ae300000, 0x00000007c0000000)
  eden space 266240K, 13% used [0x0000000795580000,0x00000007979d37c8,0x00000007a5980000)
  from space 12288K, 60% used [0x00000007a5980000,0x00000007a60b6dc0,0x00000007a6580000)
  to   space 11776K, 0% used [0x00000007ad780000,0x00000007ad780000,0x00000007ae300000)
 ParOldGen       total 66560K, used 18460K [0x0000000740000000, 0x0000000744100000, 0x0000000795580000)
  object space 66560K, 27% used [0x0000000740000000,0x0000000741207260,0x0000000744100000)
 Metaspace       used 28484K, capacity 29014K, committed 29312K, reserved 1073152K
  class space    used 5329K, capacity 5452K, committed 5504K, reserved 1048576K
GC Heap History (10 events):
Event: 5.027 GC heap before
{Heap before GC invocations=6 (full 0):
 PSYoungGen      total 71680K, used 71664K [0x0000000795580000, 0x000000079f180000, 0x00000007c0000000)
  eden space 66560K, 100% used [0x0000000795580000,0x0000000799680000,0x0000000799680000)
  from space 5120K, 99% used [0x0000000799680000,0x0000000799b7c3f0,0x0000000799b80000)
  to   space 13312K, 0% used [0x000000079e480000,0x000000079e480000,0x000000079f180000)
 ParOldGen       total 87552K, used 14911K [0x0000000740000000, 0x0000000745580000, 0x0000000795580000)
  object space 87552K, 17% used [0x0000000740000000,0x0000000740e8fdf8,0x0000000745580000)
 Metaspace       used 14307K, capacity 14638K, committed 14848K, reserved 1062912K
  class space    used 1655K, capacity 1754K, committed 1792K, reserved 1048576K
Event: 5.036 GC heap after
Heap after GC invocations=6 (full 0):
 PSYoungGen      total 145408K, used 6112K [0x0000000795580000, 0x000000079f080000, 0x00000007c0000000)
  eden space 133120K, 0% used [0x0000000795580000,0x0000000795580000,0x000000079d780000)
  from space 12288K, 49% used [0x000000079e480000,0x000000079ea783f0,0x000000079f080000)
  to   space 12800K, 0% used [0x000000079d780000,0x000000079d780000,0x000000079e400000)
 ParOldGen       total 87552K, used 14919K [0x0000000740000000, 0x0000000745580000, 0x0000000795580000)
  object space 87552K, 17% used [0x0000000740000000,0x0000000740e91df8,0x0000000745580000)
 Metaspace       used 14307K, capacity 14638K, committed 14848K, reserved 1062912K
  class space    used 1655K, capacity 1754K, committed 1792K, reserved 1048576K
}
Event: 11.419 GC heap before
{Heap before GC invocations=7 (full 0):
 PSYoungGen      total 145408K, used 139232K [0x0000000795580000, 0x000000079f080000, 0x00000007c0000000)
  eden space 133120K, 100% used [0x0000000795580000,0x000000079d780000,0x000000079d780000)
  from space 12288K, 49% used [0x000000079e480000,0x000000079ea783f0,0x000000079f080000)
  to   space 12800K, 0% used [0x000000079d780000,0x000000079d780000,0x000000079e400000)
 ParOldGen       total 87552K, used 14919K [0x0000000740000000, 0x0000000745580000, 0x0000000795580000)
  object space 87552K, 17% used [0x0000000740000000,0x0000000740e91df8,0x0000000745580000)
 Metaspace       used 18430K, capacity 18828K, committed 19072K, reserved 1064960K
  class space    used 2799K, capacity 2915K, committed 2944K, reserved 1048576K
Event: 11.435 GC heap after
Heap after GC invocations=7 (full 0):
 PSYoungGen      total 145920K, used 7658K [0x0000000795580000, 0x00000007a7180000, 0x00000007c0000000)
  eden space 133120K, 0% used [0x0000000795580000,0x0000000795580000,0x000000079d780000)
  from space 12800K, 59% used [0x000000079d780000,0x000000079defa970,0x000000079e400000)
  to   space 12288K, 0% used [0x00000007a6580000,0x00000007a6580000,0x00000007a7180000)
 ParOldGen       total 87552K, used 17324K [0x0000000740000000, 0x0000000745580000, 0x0000000795580000)
  object space 87552K, 19% used [0x0000000740000000,0x00000007410eb170,0x0000000745580000)
 Metaspace       used 18430K, capacity 18828K, committed 19072K, reserved 1064960K
  class space    used 2799K, capacity 2915K, committed 2944K, reserved 1048576K
}
Event: 11.828 GC heap before
{Heap before GC invocations=8 (full 0):
 PSYoungGen      total 145920K, used 28604K [0x0000000795580000, 0x00000007a7180000, 0x00000007c0000000)
  eden space 133120K, 15% used [0x0000000795580000,0x00000007969f49b8,0x000000079d780000)
  from space 12800K, 59% used [0x000000079d780000,0x000000079defa970,0x000000079e400000)
  to   space 12288K, 0% used [0x00000007a6580000,0x00000007a6580000,0x00000007a7180000)
 ParOldGen       total 87552K, used 17324K [0x0000000740000000, 0x0000000745580000, 0x0000000795580000)
  object space 87552K, 19% used [0x0000000740000000,0x00000007410eb170,0x0000000745580000)
 Metaspace       used 20784K, capacity 21164K, committed 21248K, reserved 1067008K
  class space    used 3674K, capacity 3779K, committed 3840K, reserved 1048576K
Event: 11.836 GC heap after
Heap after GC invocations=8 (full 0):
 PSYoungGen      total 278528K, used 5452K [0x0000000795580000, 0x00000007a7180000, 0x00000007c0000000)
  eden space 266240K, 0% used [0x0000000795580000,0x0000000795580000,0x00000007a5980000)
  from space 12288K, 44% used [0x00000007a6580000,0x00000007a6ad30d8,0x00000007a7180000)
  to   space 12288K, 0% used [0x00000007a5980000,0x00000007a5980000,0x00000007a6580000)
 ParOldGen       total 87552K, used 18816K [0x0000000740000000, 0x0000000745580000, 0x0000000795580000)
  object space 87552K, 21% used [0x0000000740000000,0x0000000741260210,0x0000000745580000)
 Metaspace       used 20784K, capacity 21164K, committed 21248K, reserved 1067008K
  class space    used 3674K, capacity 3779K, committed 3840K, reserved 1048576K
}
Event: 11.836 GC heap before
{Heap before GC invocations=9 (full 1):
 PSYoungGen      total 278528K, used 5452K [0x0000000795580000, 0x00000007a7180000, 0x00000007c0000000)
  eden space 266240K, 0% used [0x0000000795580000,0x0000000795580000,0x00000007a5980000)
  from space 12288K, 44% used [0x00000007a6580000,0x00000007a6ad30d8,0x00000007a7180000)
  to   space 12288K, 0% used [0x00000007a5980000,0x00000007a5980000,0x00000007a6580000)
 ParOldGen       total 87552K, used 18816K [0x0000000740000000, 0x0000000745580000, 0x0000000795580000)
  object space 87552K, 21% used [0x0000000740000000,0x0000000741260210,0x0000000745580000)
 Metaspace       used 20784K, capacity 21164K, committed 21248K, reserved 1067008K
  class space    used 3674K, capacity 3779K, committed 3840K, reserved 1048576K
Event: 11.895 GC heap after
Heap after GC invocations=9 (full 1):
 PSYoungGen      total 278528K, used 0K [0x0000000795580000, 0x00000007a7180000, 0x00000007c0000000)
  eden space 266240K, 0% used [0x0000000795580000,0x0000000795580000,0x00000007a5980000)
  from space 12288K, 0% used [0x00000007a6580000,0x00000007a6580000,0x00000007a7180000)
  to   space 12288K, 0% used [0x00000007a5980000,0x00000007a5980000,0x00000007a6580000)
 ParOldGen       total 66560K, used 18452K [0x0000000740000000, 0x0000000744100000, 0x0000000795580000)
  object space 66560K, 27% used [0x0000000740000000,0x0000000741205260,0x0000000744100000)
 Metaspace       used 20784K, capacity 21164K, committed 21248K, reserved 1067008K
  class space    used 3674K, capacity 3779K, committed 3840K, reserved 1048576K
}
Event: 15.893 GC heap before
{Heap before GC invocations=10 (full 1):
 PSYoungGen      total 278528K, used 266240K [0x0000000795580000, 0x00000007a7180000, 0x00000007c0000000)
  eden space 266240K, 100% used [0x0000000795580000,0x00000007a5980000,0x00000007a5980000)
  from space 12288K, 0% used [0x00000007a6580000,0x00000007a6580000,0x00000007a7180000)
  to   space 12288K, 0% used [0x00000007a5980000,0x00000007a5980000,0x00000007a6580000)
 ParOldGen       total 66560K, used 18452K [0x0000000740000000, 0x0000000744100000, 0x0000000795580000)
  object space 66560K, 27% used [0x0000000740000000,0x0000000741205260,0x0000000744100000)
 Metaspace       used 28406K, capacity 28950K, committed 29056K, reserved 1073152K
  class space    used 5315K, capacity 5452K, committed 5504K, reserved 1048576K
Event: 15.905 GC heap after
Heap after GC invocations=10 (full 1):
 PSYoungGen      total 278528K, used 7387K [0x0000000795580000, 0x00000007ae300000, 0x00000007c0000000)
  eden space 266240K, 0% used [0x0000000795580000,0x0000000795580000,0x00000007a5980000)
  from space 12288K, 60% used [0x00000007a5980000,0x00000007a60b6dc0,0x00000007a6580000)
  to   space 11776K, 0% used [0x00000007ad780000,0x00000007ad780000,0x00000007ae300000)
 ParOldGen       total 66560K, used 18460K [0x0000000740000000, 0x0000000744100000, 0x0000000795580000)
  object space 66560K, 27% used [0x0000000740000000,0x0000000741207260,0x0000000744100000)
 Metaspace       used 28406K, capacity 28950K, committed 29056K, reserved 1073152K
  class space    used 5315K, capacity 5452K, committed 5504K, reserved 1048576K
}

